2022-11-07 16:03:40,984:INFO:PyCaret Supervised Module
2022-11-07 16:03:40,985:INFO:ML Usecase: classification
2022-11-07 16:03:40,985:INFO:version 2.3.10
2022-11-07 16:03:40,985:INFO:Initializing setup()
2022-11-07 16:03:40,985:INFO:setup(target=atraso_15, ml_usecase=classification, available_plots={'parameter': 'Hyperparameters', 'auc': 'AUC', 'confusion_matrix': 'Confusion Matrix', 'threshold': 'Threshold', 'pr': 'Precision Recall', 'error': 'Prediction Error', 'class_report': 'Class Report', 'rfe': 'Feature Selection', 'learning': 'Learning Curve', 'manifold': 'Manifold Learning', 'calibration': 'Calibration Curve', 'vc': 'Validation Curve', 'dimension': 'Dimensions', 'feature': 'Feature Importance', 'feature_all': 'Feature Importance (All)', 'boundary': 'Decision Boundary', 'lift': 'Lift Chart', 'gain': 'Gain Chart', 'tree': 'Decision Tree', 'ks': 'KS Statistic Plot'}, train_size=0.75, test_data=None, preprocess=True, imputation_type=simple, iterative_imputation_iters=5, categorical_features=['diaSemVuelOperado', 'tipVuelo', 'temporada_alta', 'periodo_dia', 'condMeteorologica', 'cambioNroVuelo', 'cambioCodAerolineaVuelo', 'codAerolineaVuelOperado_LXP', 'codAerolineaVuelOperado_OTRO', 'codAerolineaVuelOperado_SKU', 'codAerolineaVuelOperado_TAM', 'nombAerolineaOperado_Aeromexico', 'nombAerolineaOperado_Air_Canada', 'nombAerolineaOperado_Air_France', 'nombAerolineaOperado_Alitalia', 'nombAerolineaOperado_American_Airlines', 'nombAerolineaOperado_Austral', 'nombAerolineaOperado_Avianca', 'nombAerolineaOperado_British_Airways', 'nombAerolineaOperado_Copa_Air', 'nombAerolineaOperado_Delta_Air', 'nombAerolineaOperado_Gol_Trans', 'nombAerolineaOperado_Grupo_LATAM', 'nombAerolineaOperado_Iberia', 'nombAerolineaOperado_JetSmart_SPA', 'nombAerolineaOperado_K_L_M', 'nombAerolineaOperado_Lacsa', 'nombAerolineaOperado_Latin_American_Wings', 'nombAerolineaOperado_Oceanair_Linhas_Aereas', 'nombAerolineaOperado_Plus_Ultra_Lineas_Aereas', 'nombAerolineaOperado_Qantas_Airways', 'nombAerolineaOperado_Sky_Airline', 'nombAerolineaOperado_United_Airlines', 'nombCiudadDest_Arica', 'nombCiudadDest_Balmaceda', 'nombCiudadDest_Bogota', 'nombCiudadDest_Buenos_Aires', 'nombCiudadDest_Calama', 'nombCiudadDest_Ciudad_de_Mexico', 'nombCiudadDest_Ciudad_de_Panama', 'nombCiudadDest_Concepcion', 'nombCiudadDest_Copiapo', 'nombCiudadDest_Cordoba', 'nombCiudadDest_Iquique', 'nombCiudadDest_La_Serena', 'nombCiudadDest_Lima', 'nombCiudadDest_Madrid', 'nombCiudadDest_Mendoza', 'nombCiudadDest_Miami', 'nombCiudadDest_Montevideo', 'nombCiudadDest_OTRO', 'nombCiudadDest_Puerto_Montt', 'nombCiudadDest_Punta_Arenas', 'nombCiudadDest_Rio_de_Janeiro', 'nombCiudadDest_Sao_Paulo', 'nombCiudadDest_Temuco', 'nombCiudadDest_Valdivia', 'mesVuelOperado_2', 'mesVuelOperado_3', 'mesVuelOperado_4', 'mesVuelOperado_5', 'mesVuelOperado_6', 'mesVuelOperado_7', 'mesVuelOperado_8', 'mesVuelOperado_9', 'mesVuelOperado_10', 'mesVuelOperado_11', 'mesVuelOperado_12', 'horaOperVuelo_1', 'horaOperVuelo_10', 'horaOperVuelo_11', 'horaOperVuelo_12', 'horaOperVuelo_13', 'horaOperVuelo_14', 'horaOperVuelo_15', 'horaOperVuelo_16', 'horaOperVuelo_17', 'horaOperVuelo_18', 'horaOperVuelo_19', 'horaOperVuelo_2', 'horaOperVuelo_20', 'horaOperVuelo_21', 'horaOperVuelo_22', 'horaOperVuelo_23', 'horaOperVuelo_3', 'horaOperVuelo_4', 'horaOperVuelo_5', 'horaOperVuelo_6', 'horaOperVuelo_7', 'horaOperVuelo_8', 'horaOperVuelo_9'], categorical_imputation=constant, categorical_iterative_imputer=lightgbm, ordinal_features=None, high_cardinality_features=None, high_cardinality_method=frequency, numeric_features=None, numeric_imputation=mean, numeric_iterative_imputer=lightgbm, date_features=None, ignore_features=None, normalize=False, normalize_method=zscore, transformation=False, transformation_method=yeo-johnson, handle_unknown_categorical=True, unknown_categorical_method=least_frequent, pca=False, pca_method=linear, pca_components=None, ignore_low_variance=False, combine_rare_levels=True, rare_level_threshold=0.1, bin_numeric_features=None, remove_outliers=False, outliers_threshold=0.05, remove_multicollinearity=True, multicollinearity_threshold=0.7, remove_perfect_collinearity=True, create_clusters=False, cluster_iter=20, polynomial_features=False, polynomial_degree=2, trigonometry_features=False, polynomial_threshold=0.1, group_features=None, group_names=None, feature_selection=True, feature_selection_threshold=0.8, feature_selection_method=classic, feature_interaction=False, feature_ratio=False, interaction_threshold=0.01, fix_imbalance=True, fix_imbalance_method=None, transform_target=False, transform_target_method=box-cox, data_split_shuffle=True, data_split_stratify=False, fold_strategy=stratifiedkfold, fold=5, fold_shuffle=True, fold_groups=None, n_jobs=-1, use_gpu=False, custom_pipeline=None, html=True, session_id=123, log_experiment=False, experiment_name=None, experiment_custom_tags=None, log_plots=False, log_profile=False, log_data=False, silent=False, verbose=True, profile=False, profile_kwargs=None, display=None)
2022-11-07 16:03:40,985:INFO:Checking environment
2022-11-07 16:03:40,985:INFO:python_version: 3.7.13
2022-11-07 16:03:40,985:INFO:python_build: ('default', 'Apr 24 2022 01:04:09')
2022-11-07 16:03:40,985:INFO:machine: x86_64
2022-11-07 16:03:40,985:INFO:platform: Linux-5.4.0-131-generic-x86_64-with-Ubuntu-18.04-bionic
2022-11-07 16:03:40,986:INFO:Memory: svmem(total=16659292160, available=3903373312, percent=76.6, used=11028123648, free=730607616, active=11293282304, inactive=3478380544, buffers=218771456, cached=4681789440, shared=1383153664, slab=678526976)
2022-11-07 16:03:40,987:INFO:Physical Core: 4
2022-11-07 16:03:40,987:INFO:Logical Core: 8
2022-11-07 16:03:40,987:INFO:Checking libraries
2022-11-07 16:03:40,987:INFO:pd==1.3.5
2022-11-07 16:03:40,987:INFO:numpy==1.21.6
2022-11-07 16:03:40,987:INFO:sklearn==0.23.2
2022-11-07 16:03:40,987:INFO:lightgbm==3.3.3
2022-11-07 16:03:40,987:WARNING:catboost not found
2022-11-07 16:03:40,987:INFO:xgboost==1.6.0
2022-11-07 16:03:40,988:INFO:mlflow==1.30.0
2022-11-07 16:03:40,988:INFO:Checking Exceptions
2022-11-07 16:03:40,988:INFO:Declaring global variables
2022-11-07 16:03:40,988:INFO:USI: db3a
2022-11-07 16:03:40,988:INFO:pycaret_globals: {'_all_models_internal', 'master_model_container', 'dashboard_logger', 'fold_shuffle_param', 'X_test', 'y', 'create_model_container', 'logging_param', 'target_param', 'gpu_param', 'pycaret_globals', 'data_before_preprocess', 'y_test', 'prep_pipe', 'fix_imbalance_method_param', 'html_param', 'imputation_regressor', 'display_container', 'X', 'exp_name_log', '_internal_pipeline', '_available_plots', '_ml_usecase', 'transform_target_param', 'y_train', 'fold_generator', 'USI', 'experiment__', 'fold_groups_param', 'n_jobs_param', '_gpu_n_jobs_param', '_all_metrics', 'fix_imbalance_param', 'fold_param', '_all_models', 'iterative_imputation_iters_param', 'X_train', 'stratify_param', 'fold_groups_param_full', 'log_plots_param', 'imputation_classifier', 'seed', 'transform_target_method_param'}
2022-11-07 16:03:40,988:INFO:Preparing display monitor
2022-11-07 16:03:40,988:INFO:Preparing display monitor
2022-11-07 16:03:41,011:INFO:Importing libraries
2022-11-07 16:03:41,011:INFO:Copying data for preprocessing
2022-11-07 16:03:41,028:INFO:Declaring preprocessing parameters
2022-11-07 16:03:41,047:INFO:Creating preprocessing pipeline
2022-11-07 16:03:41,111:INFO:Preprocessing pipeline created successfully
2022-11-07 16:03:41,111:ERROR:(Process Exit): setup has been interupted with user command 'quit'. setup must rerun.
2022-11-07 16:03:41,111:INFO:Creating global containers
2022-11-07 16:03:41,113:INFO:Internal pipeline: Pipeline(memory=None,
         steps=[('fix_imbalance',
                 SMOTE(k_neighbors=5, n_jobs=None, random_state=123,
                       sampling_strategy='auto'))],
         verbose=False)
2022-11-07 16:06:39,190:WARNING:Couldn't import catboost.CatBoostClassifier
2022-11-07 16:06:39,250:WARNING:Couldn't import catboost.CatBoostClassifier
2022-11-07 16:06:39,250:INFO:Creating grid variables
2022-11-07 16:06:39,267:INFO:create_model_container: 0
2022-11-07 16:06:39,268:INFO:master_model_container: 0
2022-11-07 16:06:39,268:INFO:display_container: 1
2022-11-07 16:06:39,275:INFO:Pipeline(memory=None,
         steps=[('dtypes',
                 DataTypes_Auto_infer(categorical_features=['diaSemVuelOperado',
                                                            'tipVuelo',
                                                            'temporada_alta',
                                                            'periodo_dia',
                                                            'condMeteorologica',
                                                            'cambioNroVuelo',
                                                            'cambioCodAerolineaVuelo',
                                                            'codAerolineaVuelOperado_LXP',
                                                            'codAerolineaVuelOperado_OTRO',
                                                            'codAerolineaVuelOperado_SKU',
                                                            'codAerolineaVuelOperado_TAM',
                                                            'nombAerolineaOperado_A...
                 Advanced_Feature_Selection_Classic(ml_usecase='classification',
                                                    n_jobs=-1, random_state=123,
                                                    subclass='binary',
                                                    target='atraso_15',
                                                    top_features_to_pick=0.19999999999999996)),
                ('fix_multi',
                 Fix_multicollinearity(correlation_with_target_preference=None,
                                       correlation_with_target_threshold=0.0,
                                       target_variable='atraso_15',
                                       threshold=0.7)),
                ('dfs', 'passthrough'), ('pca', 'passthrough')],
         verbose=False)
2022-11-07 16:06:39,275:INFO:setup() succesfully completed......................................
2022-11-07 16:06:39,361:INFO:Initializing compare_models()
2022-11-07 16:06:39,361:INFO:compare_models(include=None, fold=None, round=4, cross_validation=True, sort=Accuracy, n_select=1, budget_time=None, turbo=True, errors=ignore, fit_kwargs=None, groups=None, experiment_custom_tags=None, probability_threshold=None, verbose=True, display=None, exclude=None)
2022-11-07 16:06:39,361:INFO:Checking exceptions
2022-11-07 16:06:39,363:INFO:Preparing display monitor
2022-11-07 16:06:39,363:INFO:Preparing display monitor
2022-11-07 16:06:39,403:INFO:Initializing Logistic Regression
2022-11-07 16:06:39,403:INFO:Total runtime is 4.951159159342448e-06 minutes
2022-11-07 16:06:39,415:INFO:SubProcess create_model() called ==================================
2022-11-07 16:06:39,416:INFO:Initializing create_model()
2022-11-07 16:06:39,416:INFO:create_model(estimator=lr, fold=StratifiedKFold(n_splits=5, random_state=123, shuffle=True), round=4, cross_validation=True, predict=True, fit_kwargs={}, groups=None, refit=False, verbose=False, system=False, metrics=None, experiment_custom_tags=None, add_to_model_list=True, probability_threshold=None, display=<pycaret.internal.Display.Display object at 0x7f7fe87b5c90>, return_train_score=False, kwargs={})
2022-11-07 16:06:39,416:INFO:Checking exceptions
2022-11-07 16:06:39,416:INFO:Importing libraries
2022-11-07 16:06:39,416:INFO:Copying training dataset
2022-11-07 16:06:39,421:INFO:Defining folds
2022-11-07 16:06:39,421:INFO:Declaring metric variables
2022-11-07 16:06:39,429:INFO:Importing untrained model
2022-11-07 16:06:39,439:INFO:Logistic Regression Imported succesfully
2022-11-07 16:06:39,456:INFO:Starting cross validation
2022-11-07 16:06:39,457:INFO:Cross validating with StratifiedKFold(n_splits=5, random_state=123, shuffle=True), n_jobs=-1
2022-11-07 16:07:34,145:INFO:Calculating mean and std
2022-11-07 16:07:34,148:INFO:Creating metrics dataframe
2022-11-07 16:07:34,161:INFO:Uploading results into container
2022-11-07 16:07:34,162:INFO:Uploading model into container now
2022-11-07 16:07:34,162:INFO:create_model_container: 1
2022-11-07 16:07:34,162:INFO:master_model_container: 1
2022-11-07 16:07:34,163:INFO:display_container: 2
2022-11-07 16:07:34,164:INFO:LogisticRegression(C=1.0, class_weight=None, dual=False, fit_intercept=True,
                   intercept_scaling=1, l1_ratio=None, max_iter=1000,
                   multi_class='auto', n_jobs=None, penalty='l2',
                   random_state=123, solver='lbfgs', tol=0.0001, verbose=0,
                   warm_start=False)
2022-11-07 16:07:34,165:INFO:create_model() succesfully completed......................................
2022-11-07 16:07:34,287:INFO:SubProcess create_model() end ==================================
2022-11-07 16:07:34,287:INFO:Creating metrics dataframe
2022-11-07 16:07:34,308:INFO:Initializing K Neighbors Classifier
2022-11-07 16:07:34,308:INFO:Total runtime is 0.9150876561800638 minutes
2022-11-07 16:07:34,320:INFO:SubProcess create_model() called ==================================
2022-11-07 16:07:34,320:INFO:Initializing create_model()
2022-11-07 16:07:34,321:INFO:create_model(estimator=knn, fold=StratifiedKFold(n_splits=5, random_state=123, shuffle=True), round=4, cross_validation=True, predict=True, fit_kwargs={}, groups=None, refit=False, verbose=False, system=False, metrics=None, experiment_custom_tags=None, add_to_model_list=True, probability_threshold=None, display=<pycaret.internal.Display.Display object at 0x7f7fe87b5c90>, return_train_score=False, kwargs={})
2022-11-07 16:07:34,321:INFO:Checking exceptions
2022-11-07 16:07:34,321:INFO:Importing libraries
2022-11-07 16:07:34,321:INFO:Copying training dataset
2022-11-07 16:07:34,325:INFO:Defining folds
2022-11-07 16:07:34,325:INFO:Declaring metric variables
2022-11-07 16:07:34,335:INFO:Importing untrained model
2022-11-07 16:07:34,346:INFO:K Neighbors Classifier Imported succesfully
2022-11-07 16:07:34,370:INFO:Starting cross validation
2022-11-07 16:07:34,371:INFO:Cross validating with StratifiedKFold(n_splits=5, random_state=123, shuffle=True), n_jobs=-1
2022-11-07 16:13:11,088:INFO:Calculating mean and std
2022-11-07 16:13:11,090:INFO:Creating metrics dataframe
2022-11-07 16:13:11,102:INFO:Uploading results into container
2022-11-07 16:13:11,102:INFO:Uploading model into container now
2022-11-07 16:13:11,102:INFO:create_model_container: 2
2022-11-07 16:13:11,103:INFO:master_model_container: 2
2022-11-07 16:13:11,103:INFO:display_container: 2
2022-11-07 16:13:11,104:INFO:KNeighborsClassifier(algorithm='auto', leaf_size=30, metric='minkowski',
                     metric_params=None, n_jobs=-1, n_neighbors=5, p=2,
                     weights='uniform')
2022-11-07 16:13:11,104:INFO:create_model() succesfully completed......................................
2022-11-07 16:13:11,201:INFO:SubProcess create_model() end ==================================
2022-11-07 16:13:11,202:INFO:Creating metrics dataframe
2022-11-07 16:13:11,225:INFO:Initializing Naive Bayes
2022-11-07 16:13:11,225:INFO:Total runtime is 6.5303818424542746 minutes
2022-11-07 16:13:11,234:INFO:SubProcess create_model() called ==================================
2022-11-07 16:13:11,234:INFO:Initializing create_model()
2022-11-07 16:13:11,234:INFO:create_model(estimator=nb, fold=StratifiedKFold(n_splits=5, random_state=123, shuffle=True), round=4, cross_validation=True, predict=True, fit_kwargs={}, groups=None, refit=False, verbose=False, system=False, metrics=None, experiment_custom_tags=None, add_to_model_list=True, probability_threshold=None, display=<pycaret.internal.Display.Display object at 0x7f7fe87b5c90>, return_train_score=False, kwargs={})
2022-11-07 16:13:11,234:INFO:Checking exceptions
2022-11-07 16:13:11,234:INFO:Importing libraries
2022-11-07 16:13:11,235:INFO:Copying training dataset
2022-11-07 16:13:11,237:INFO:Defining folds
2022-11-07 16:13:11,237:INFO:Declaring metric variables
2022-11-07 16:13:11,244:INFO:Importing untrained model
2022-11-07 16:13:11,251:INFO:Naive Bayes Imported succesfully
2022-11-07 16:13:11,265:INFO:Starting cross validation
2022-11-07 16:13:11,265:INFO:Cross validating with StratifiedKFold(n_splits=5, random_state=123, shuffle=True), n_jobs=-1
2022-11-07 16:13:23,530:INFO:Calculating mean and std
2022-11-07 16:13:23,533:INFO:Creating metrics dataframe
2022-11-07 16:13:23,541:INFO:Uploading results into container
2022-11-07 16:13:23,541:INFO:Uploading model into container now
2022-11-07 16:13:23,541:INFO:create_model_container: 3
2022-11-07 16:13:23,541:INFO:master_model_container: 3
2022-11-07 16:13:23,541:INFO:display_container: 2
2022-11-07 16:13:23,542:INFO:GaussianNB(priors=None, var_smoothing=1e-09)
2022-11-07 16:13:23,542:INFO:create_model() succesfully completed......................................
2022-11-07 16:13:23,636:INFO:SubProcess create_model() end ==================================
2022-11-07 16:13:23,636:INFO:Creating metrics dataframe
2022-11-07 16:13:23,657:INFO:Initializing Decision Tree Classifier
2022-11-07 16:13:23,657:INFO:Total runtime is 6.7375800013542175 minutes
2022-11-07 16:13:23,666:INFO:SubProcess create_model() called ==================================
2022-11-07 16:13:23,667:INFO:Initializing create_model()
2022-11-07 16:13:23,667:INFO:create_model(estimator=dt, fold=StratifiedKFold(n_splits=5, random_state=123, shuffle=True), round=4, cross_validation=True, predict=True, fit_kwargs={}, groups=None, refit=False, verbose=False, system=False, metrics=None, experiment_custom_tags=None, add_to_model_list=True, probability_threshold=None, display=<pycaret.internal.Display.Display object at 0x7f7fe87b5c90>, return_train_score=False, kwargs={})
2022-11-07 16:13:23,667:INFO:Checking exceptions
2022-11-07 16:13:23,667:INFO:Importing libraries
2022-11-07 16:13:23,667:INFO:Copying training dataset
2022-11-07 16:13:23,671:INFO:Defining folds
2022-11-07 16:13:23,671:INFO:Declaring metric variables
2022-11-07 16:13:23,682:INFO:Importing untrained model
2022-11-07 16:13:23,691:INFO:Decision Tree Classifier Imported succesfully
2022-11-07 16:13:23,708:INFO:Starting cross validation
2022-11-07 16:13:23,709:INFO:Cross validating with StratifiedKFold(n_splits=5, random_state=123, shuffle=True), n_jobs=-1
2022-11-07 16:13:38,534:INFO:Calculating mean and std
2022-11-07 16:13:38,535:INFO:Creating metrics dataframe
2022-11-07 16:13:38,541:INFO:Uploading results into container
2022-11-07 16:13:38,541:INFO:Uploading model into container now
2022-11-07 16:13:38,541:INFO:create_model_container: 4
2022-11-07 16:13:38,541:INFO:master_model_container: 4
2022-11-07 16:13:38,542:INFO:display_container: 2
2022-11-07 16:13:38,542:INFO:DecisionTreeClassifier(ccp_alpha=0.0, class_weight=None, criterion='gini',
                       max_depth=None, max_features=None, max_leaf_nodes=None,
                       min_impurity_decrease=0.0, min_impurity_split=None,
                       min_samples_leaf=1, min_samples_split=2,
                       min_weight_fraction_leaf=0.0, presort='deprecated',
                       random_state=123, splitter='best')
2022-11-07 16:13:38,542:INFO:create_model() succesfully completed......................................
2022-11-07 16:13:38,621:INFO:SubProcess create_model() end ==================================
2022-11-07 16:13:38,621:INFO:Creating metrics dataframe
2022-11-07 16:13:38,643:INFO:Initializing SVM - Linear Kernel
2022-11-07 16:13:38,643:INFO:Total runtime is 6.987337903181712 minutes
2022-11-07 16:13:38,650:INFO:SubProcess create_model() called ==================================
2022-11-07 16:13:38,651:INFO:Initializing create_model()
2022-11-07 16:13:38,651:INFO:create_model(estimator=svm, fold=StratifiedKFold(n_splits=5, random_state=123, shuffle=True), round=4, cross_validation=True, predict=True, fit_kwargs={}, groups=None, refit=False, verbose=False, system=False, metrics=None, experiment_custom_tags=None, add_to_model_list=True, probability_threshold=None, display=<pycaret.internal.Display.Display object at 0x7f7fe87b5c90>, return_train_score=False, kwargs={})
2022-11-07 16:13:38,651:INFO:Checking exceptions
2022-11-07 16:13:38,651:INFO:Importing libraries
2022-11-07 16:13:38,651:INFO:Copying training dataset
2022-11-07 16:13:38,654:INFO:Defining folds
2022-11-07 16:13:38,654:INFO:Declaring metric variables
2022-11-07 16:13:38,661:INFO:Importing untrained model
2022-11-07 16:13:38,669:INFO:SVM - Linear Kernel Imported succesfully
2022-11-07 16:13:38,685:INFO:Starting cross validation
2022-11-07 16:13:38,686:INFO:Cross validating with StratifiedKFold(n_splits=5, random_state=123, shuffle=True), n_jobs=-1
2022-11-07 16:13:52,250:INFO:Calculating mean and std
2022-11-07 16:13:52,253:INFO:Creating metrics dataframe
2022-11-07 16:13:52,259:INFO:Uploading results into container
2022-11-07 16:13:52,259:INFO:Uploading model into container now
2022-11-07 16:13:52,259:INFO:create_model_container: 5
2022-11-07 16:13:52,259:INFO:master_model_container: 5
2022-11-07 16:13:52,259:INFO:display_container: 2
2022-11-07 16:13:52,260:INFO:SGDClassifier(alpha=0.0001, average=False, class_weight=None,
              early_stopping=False, epsilon=0.1, eta0=0.001, fit_intercept=True,
              l1_ratio=0.15, learning_rate='optimal', loss='hinge',
              max_iter=1000, n_iter_no_change=5, n_jobs=-1, penalty='l2',
              power_t=0.5, random_state=123, shuffle=True, tol=0.001,
              validation_fraction=0.1, verbose=0, warm_start=False)
2022-11-07 16:13:52,260:INFO:create_model() succesfully completed......................................
2022-11-07 16:13:52,336:INFO:SubProcess create_model() end ==================================
2022-11-07 16:13:52,336:INFO:Creating metrics dataframe
2022-11-07 16:13:52,358:INFO:Initializing Ridge Classifier
2022-11-07 16:13:52,358:INFO:Total runtime is 7.2159291704495745 minutes
2022-11-07 16:13:52,368:INFO:SubProcess create_model() called ==================================
2022-11-07 16:13:52,368:INFO:Initializing create_model()
2022-11-07 16:13:52,368:INFO:create_model(estimator=ridge, fold=StratifiedKFold(n_splits=5, random_state=123, shuffle=True), round=4, cross_validation=True, predict=True, fit_kwargs={}, groups=None, refit=False, verbose=False, system=False, metrics=None, experiment_custom_tags=None, add_to_model_list=True, probability_threshold=None, display=<pycaret.internal.Display.Display object at 0x7f7fe87b5c90>, return_train_score=False, kwargs={})
2022-11-07 16:13:52,368:INFO:Checking exceptions
2022-11-07 16:13:52,368:INFO:Importing libraries
2022-11-07 16:13:52,369:INFO:Copying training dataset
2022-11-07 16:13:52,371:INFO:Defining folds
2022-11-07 16:13:52,372:INFO:Declaring metric variables
2022-11-07 16:13:52,383:INFO:Importing untrained model
2022-11-07 16:13:52,393:INFO:Ridge Classifier Imported succesfully
2022-11-07 16:13:52,410:INFO:Starting cross validation
2022-11-07 16:13:52,411:INFO:Cross validating with StratifiedKFold(n_splits=5, random_state=123, shuffle=True), n_jobs=-1
2022-11-07 16:14:03,985:INFO:Calculating mean and std
2022-11-07 16:14:03,988:INFO:Creating metrics dataframe
2022-11-07 16:14:03,996:INFO:Uploading results into container
2022-11-07 16:14:03,996:INFO:Uploading model into container now
2022-11-07 16:14:03,996:INFO:create_model_container: 6
2022-11-07 16:14:03,996:INFO:master_model_container: 6
2022-11-07 16:14:03,996:INFO:display_container: 2
2022-11-07 16:14:03,996:INFO:RidgeClassifier(alpha=1.0, class_weight=None, copy_X=True, fit_intercept=True,
                max_iter=None, normalize=False, random_state=123, solver='auto',
                tol=0.001)
2022-11-07 16:14:03,996:INFO:create_model() succesfully completed......................................
2022-11-07 16:14:04,071:INFO:SubProcess create_model() end ==================================
2022-11-07 16:14:04,071:INFO:Creating metrics dataframe
2022-11-07 16:14:04,094:INFO:Initializing Random Forest Classifier
2022-11-07 16:14:04,094:INFO:Total runtime is 7.411523183186849 minutes
2022-11-07 16:14:04,103:INFO:SubProcess create_model() called ==================================
2022-11-07 16:14:04,103:INFO:Initializing create_model()
2022-11-07 16:14:04,103:INFO:create_model(estimator=rf, fold=StratifiedKFold(n_splits=5, random_state=123, shuffle=True), round=4, cross_validation=True, predict=True, fit_kwargs={}, groups=None, refit=False, verbose=False, system=False, metrics=None, experiment_custom_tags=None, add_to_model_list=True, probability_threshold=None, display=<pycaret.internal.Display.Display object at 0x7f7fe87b5c90>, return_train_score=False, kwargs={})
2022-11-07 16:14:04,103:INFO:Checking exceptions
2022-11-07 16:14:04,104:INFO:Importing libraries
2022-11-07 16:14:04,104:INFO:Copying training dataset
2022-11-07 16:14:04,106:INFO:Defining folds
2022-11-07 16:14:04,107:INFO:Declaring metric variables
2022-11-07 16:14:04,117:INFO:Importing untrained model
2022-11-07 16:14:04,128:INFO:Random Forest Classifier Imported succesfully
2022-11-07 16:14:04,150:INFO:Starting cross validation
2022-11-07 16:14:04,151:INFO:Cross validating with StratifiedKFold(n_splits=5, random_state=123, shuffle=True), n_jobs=-1
2022-11-07 16:14:32,801:INFO:Calculating mean and std
2022-11-07 16:14:32,805:INFO:Creating metrics dataframe
2022-11-07 16:14:32,821:INFO:Uploading results into container
2022-11-07 16:14:32,821:INFO:Uploading model into container now
2022-11-07 16:14:32,821:INFO:create_model_container: 7
2022-11-07 16:14:32,822:INFO:master_model_container: 7
2022-11-07 16:14:32,822:INFO:display_container: 2
2022-11-07 16:14:32,823:INFO:RandomForestClassifier(bootstrap=True, ccp_alpha=0.0, class_weight=None,
                       criterion='gini', max_depth=None, max_features='auto',
                       max_leaf_nodes=None, max_samples=None,
                       min_impurity_decrease=0.0, min_impurity_split=None,
                       min_samples_leaf=1, min_samples_split=2,
                       min_weight_fraction_leaf=0.0, n_estimators=100,
                       n_jobs=-1, oob_score=False, random_state=123, verbose=0,
                       warm_start=False)
2022-11-07 16:14:32,823:INFO:create_model() succesfully completed......................................
2022-11-07 16:14:32,926:INFO:SubProcess create_model() end ==================================
2022-11-07 16:14:32,926:INFO:Creating metrics dataframe
2022-11-07 16:14:32,949:INFO:Initializing Quadratic Discriminant Analysis
2022-11-07 16:14:32,949:INFO:Total runtime is 7.892449323336283 minutes
2022-11-07 16:14:32,958:INFO:SubProcess create_model() called ==================================
2022-11-07 16:14:32,958:INFO:Initializing create_model()
2022-11-07 16:14:32,958:INFO:create_model(estimator=qda, fold=StratifiedKFold(n_splits=5, random_state=123, shuffle=True), round=4, cross_validation=True, predict=True, fit_kwargs={}, groups=None, refit=False, verbose=False, system=False, metrics=None, experiment_custom_tags=None, add_to_model_list=True, probability_threshold=None, display=<pycaret.internal.Display.Display object at 0x7f7fe87b5c90>, return_train_score=False, kwargs={})
2022-11-07 16:14:32,958:INFO:Checking exceptions
2022-11-07 16:14:32,958:INFO:Importing libraries
2022-11-07 16:14:32,958:INFO:Copying training dataset
2022-11-07 16:14:32,961:INFO:Defining folds
2022-11-07 16:14:32,961:INFO:Declaring metric variables
2022-11-07 16:14:32,968:INFO:Importing untrained model
2022-11-07 16:14:32,977:INFO:Quadratic Discriminant Analysis Imported succesfully
2022-11-07 16:14:32,995:INFO:Starting cross validation
2022-11-07 16:14:32,995:INFO:Cross validating with StratifiedKFold(n_splits=5, random_state=123, shuffle=True), n_jobs=-1
2022-11-07 16:14:46,647:INFO:Calculating mean and std
2022-11-07 16:14:46,650:INFO:Creating metrics dataframe
2022-11-07 16:14:46,656:INFO:Uploading results into container
2022-11-07 16:14:46,656:INFO:Uploading model into container now
2022-11-07 16:14:46,656:INFO:create_model_container: 8
2022-11-07 16:14:46,656:INFO:master_model_container: 8
2022-11-07 16:14:46,656:INFO:display_container: 2
2022-11-07 16:14:46,656:INFO:QuadraticDiscriminantAnalysis(priors=None, reg_param=0.0,
                              store_covariance=False, tol=0.0001)
2022-11-07 16:14:46,657:INFO:create_model() succesfully completed......................................
2022-11-07 16:14:46,732:INFO:SubProcess create_model() end ==================================
2022-11-07 16:14:46,732:INFO:Creating metrics dataframe
2022-11-07 16:14:46,755:INFO:Initializing Ada Boost Classifier
2022-11-07 16:14:46,755:INFO:Total runtime is 8.122541431585947 minutes
2022-11-07 16:14:46,763:INFO:SubProcess create_model() called ==================================
2022-11-07 16:14:46,763:INFO:Initializing create_model()
2022-11-07 16:14:46,763:INFO:create_model(estimator=ada, fold=StratifiedKFold(n_splits=5, random_state=123, shuffle=True), round=4, cross_validation=True, predict=True, fit_kwargs={}, groups=None, refit=False, verbose=False, system=False, metrics=None, experiment_custom_tags=None, add_to_model_list=True, probability_threshold=None, display=<pycaret.internal.Display.Display object at 0x7f7fe87b5c90>, return_train_score=False, kwargs={})
2022-11-07 16:14:46,763:INFO:Checking exceptions
2022-11-07 16:14:46,763:INFO:Importing libraries
2022-11-07 16:14:46,763:INFO:Copying training dataset
2022-11-07 16:14:46,766:INFO:Defining folds
2022-11-07 16:14:46,766:INFO:Declaring metric variables
2022-11-07 16:14:46,773:INFO:Importing untrained model
2022-11-07 16:14:46,781:INFO:Ada Boost Classifier Imported succesfully
2022-11-07 16:14:46,800:INFO:Starting cross validation
2022-11-07 16:14:46,801:INFO:Cross validating with StratifiedKFold(n_splits=5, random_state=123, shuffle=True), n_jobs=-1
2022-11-07 16:15:02,615:INFO:Calculating mean and std
2022-11-07 16:15:02,617:INFO:Creating metrics dataframe
2022-11-07 16:15:02,623:INFO:Uploading results into container
2022-11-07 16:15:02,623:INFO:Uploading model into container now
2022-11-07 16:15:02,623:INFO:create_model_container: 9
2022-11-07 16:15:02,623:INFO:master_model_container: 9
2022-11-07 16:15:02,623:INFO:display_container: 2
2022-11-07 16:15:02,623:INFO:AdaBoostClassifier(algorithm='SAMME.R', base_estimator=None, learning_rate=1.0,
                   n_estimators=50, random_state=123)
2022-11-07 16:15:02,623:INFO:create_model() succesfully completed......................................
2022-11-07 16:15:02,700:INFO:SubProcess create_model() end ==================================
2022-11-07 16:15:02,700:INFO:Creating metrics dataframe
2022-11-07 16:15:02,723:INFO:Initializing Gradient Boosting Classifier
2022-11-07 16:15:02,723:INFO:Total runtime is 8.388676019509633 minutes
2022-11-07 16:15:02,731:INFO:SubProcess create_model() called ==================================
2022-11-07 16:15:02,731:INFO:Initializing create_model()
2022-11-07 16:15:02,732:INFO:create_model(estimator=gbc, fold=StratifiedKFold(n_splits=5, random_state=123, shuffle=True), round=4, cross_validation=True, predict=True, fit_kwargs={}, groups=None, refit=False, verbose=False, system=False, metrics=None, experiment_custom_tags=None, add_to_model_list=True, probability_threshold=None, display=<pycaret.internal.Display.Display object at 0x7f7fe87b5c90>, return_train_score=False, kwargs={})
2022-11-07 16:15:02,732:INFO:Checking exceptions
2022-11-07 16:15:02,732:INFO:Importing libraries
2022-11-07 16:15:02,732:INFO:Copying training dataset
2022-11-07 16:15:02,734:INFO:Defining folds
2022-11-07 16:15:02,735:INFO:Declaring metric variables
2022-11-07 16:15:02,742:INFO:Importing untrained model
2022-11-07 16:15:02,750:INFO:Gradient Boosting Classifier Imported succesfully
2022-11-07 16:15:02,768:INFO:Starting cross validation
2022-11-07 16:15:02,769:INFO:Cross validating with StratifiedKFold(n_splits=5, random_state=123, shuffle=True), n_jobs=-1
2022-11-07 16:15:32,327:INFO:Calculating mean and std
2022-11-07 16:15:32,329:INFO:Creating metrics dataframe
2022-11-07 16:15:32,335:INFO:Uploading results into container
2022-11-07 16:15:32,335:INFO:Uploading model into container now
2022-11-07 16:15:32,335:INFO:create_model_container: 10
2022-11-07 16:15:32,335:INFO:master_model_container: 10
2022-11-07 16:15:32,335:INFO:display_container: 2
2022-11-07 16:15:32,336:INFO:GradientBoostingClassifier(ccp_alpha=0.0, criterion='friedman_mse', init=None,
                           learning_rate=0.1, loss='deviance', max_depth=3,
                           max_features=None, max_leaf_nodes=None,
                           min_impurity_decrease=0.0, min_impurity_split=None,
                           min_samples_leaf=1, min_samples_split=2,
                           min_weight_fraction_leaf=0.0, n_estimators=100,
                           n_iter_no_change=None, presort='deprecated',
                           random_state=123, subsample=1.0, tol=0.0001,
                           validation_fraction=0.1, verbose=0,
                           warm_start=False)
2022-11-07 16:15:32,336:INFO:create_model() succesfully completed......................................
2022-11-07 16:15:32,411:INFO:SubProcess create_model() end ==================================
2022-11-07 16:15:32,411:INFO:Creating metrics dataframe
2022-11-07 16:15:32,437:INFO:Initializing Linear Discriminant Analysis
2022-11-07 16:15:32,437:INFO:Total runtime is 8.88391218582789 minutes
2022-11-07 16:15:32,445:INFO:SubProcess create_model() called ==================================
2022-11-07 16:15:32,445:INFO:Initializing create_model()
2022-11-07 16:15:32,445:INFO:create_model(estimator=lda, fold=StratifiedKFold(n_splits=5, random_state=123, shuffle=True), round=4, cross_validation=True, predict=True, fit_kwargs={}, groups=None, refit=False, verbose=False, system=False, metrics=None, experiment_custom_tags=None, add_to_model_list=True, probability_threshold=None, display=<pycaret.internal.Display.Display object at 0x7f7fe87b5c90>, return_train_score=False, kwargs={})
2022-11-07 16:15:32,445:INFO:Checking exceptions
2022-11-07 16:15:32,445:INFO:Importing libraries
2022-11-07 16:15:32,445:INFO:Copying training dataset
2022-11-07 16:15:32,448:INFO:Defining folds
2022-11-07 16:15:32,448:INFO:Declaring metric variables
2022-11-07 16:15:32,455:INFO:Importing untrained model
2022-11-07 16:15:32,462:INFO:Linear Discriminant Analysis Imported succesfully
2022-11-07 16:15:32,482:INFO:Starting cross validation
2022-11-07 16:15:32,483:INFO:Cross validating with StratifiedKFold(n_splits=5, random_state=123, shuffle=True), n_jobs=-1
2022-11-07 16:15:47,067:INFO:Calculating mean and std
2022-11-07 16:15:47,070:INFO:Creating metrics dataframe
2022-11-07 16:15:47,082:INFO:Uploading results into container
2022-11-07 16:15:47,082:INFO:Uploading model into container now
2022-11-07 16:15:47,083:INFO:create_model_container: 11
2022-11-07 16:15:47,083:INFO:master_model_container: 11
2022-11-07 16:15:47,083:INFO:display_container: 2
2022-11-07 16:15:47,084:INFO:LinearDiscriminantAnalysis(n_components=None, priors=None, shrinkage=None,
                           solver='svd', store_covariance=False, tol=0.0001)
2022-11-07 16:15:47,084:INFO:create_model() succesfully completed......................................
2022-11-07 16:15:47,176:INFO:SubProcess create_model() end ==================================
2022-11-07 16:15:47,176:INFO:Creating metrics dataframe
2022-11-07 16:15:47,202:INFO:Initializing Extra Trees Classifier
2022-11-07 16:15:47,202:INFO:Total runtime is 9.129991169770559 minutes
2022-11-07 16:15:47,211:INFO:SubProcess create_model() called ==================================
2022-11-07 16:15:47,212:INFO:Initializing create_model()
2022-11-07 16:15:47,212:INFO:create_model(estimator=et, fold=StratifiedKFold(n_splits=5, random_state=123, shuffle=True), round=4, cross_validation=True, predict=True, fit_kwargs={}, groups=None, refit=False, verbose=False, system=False, metrics=None, experiment_custom_tags=None, add_to_model_list=True, probability_threshold=None, display=<pycaret.internal.Display.Display object at 0x7f7fe87b5c90>, return_train_score=False, kwargs={})
2022-11-07 16:15:47,212:INFO:Checking exceptions
2022-11-07 16:15:47,212:INFO:Importing libraries
2022-11-07 16:15:47,212:INFO:Copying training dataset
2022-11-07 16:15:47,214:INFO:Defining folds
2022-11-07 16:15:47,215:INFO:Declaring metric variables
2022-11-07 16:15:47,223:INFO:Importing untrained model
2022-11-07 16:15:47,231:INFO:Extra Trees Classifier Imported succesfully
2022-11-07 16:15:47,249:INFO:Starting cross validation
2022-11-07 16:15:47,250:INFO:Cross validating with StratifiedKFold(n_splits=5, random_state=123, shuffle=True), n_jobs=-1
2022-11-07 16:16:25,156:INFO:Calculating mean and std
2022-11-07 16:16:25,160:INFO:Creating metrics dataframe
2022-11-07 16:16:25,234:INFO:Uploading results into container
2022-11-07 16:16:25,234:INFO:Uploading model into container now
2022-11-07 16:16:25,234:INFO:create_model_container: 12
2022-11-07 16:16:25,234:INFO:master_model_container: 12
2022-11-07 16:16:25,234:INFO:display_container: 2
2022-11-07 16:16:25,235:INFO:ExtraTreesClassifier(bootstrap=False, ccp_alpha=0.0, class_weight=None,
                     criterion='gini', max_depth=None, max_features='auto',
                     max_leaf_nodes=None, max_samples=None,
                     min_impurity_decrease=0.0, min_impurity_split=None,
                     min_samples_leaf=1, min_samples_split=2,
                     min_weight_fraction_leaf=0.0, n_estimators=100, n_jobs=-1,
                     oob_score=False, random_state=123, verbose=0,
                     warm_start=False)
2022-11-07 16:16:25,235:INFO:create_model() succesfully completed......................................
2022-11-07 16:16:25,324:INFO:SubProcess create_model() end ==================================
2022-11-07 16:16:25,324:INFO:Creating metrics dataframe
2022-11-07 16:16:25,349:INFO:Initializing Extreme Gradient Boosting
2022-11-07 16:16:25,349:INFO:Total runtime is 9.765771476427714 minutes
2022-11-07 16:16:25,357:INFO:SubProcess create_model() called ==================================
2022-11-07 16:16:25,357:INFO:Initializing create_model()
2022-11-07 16:16:25,357:INFO:create_model(estimator=xgboost, fold=StratifiedKFold(n_splits=5, random_state=123, shuffle=True), round=4, cross_validation=True, predict=True, fit_kwargs={}, groups=None, refit=False, verbose=False, system=False, metrics=None, experiment_custom_tags=None, add_to_model_list=True, probability_threshold=None, display=<pycaret.internal.Display.Display object at 0x7f7fe87b5c90>, return_train_score=False, kwargs={})
2022-11-07 16:16:25,357:INFO:Checking exceptions
2022-11-07 16:16:25,357:INFO:Importing libraries
2022-11-07 16:16:25,357:INFO:Copying training dataset
2022-11-07 16:16:25,360:INFO:Defining folds
2022-11-07 16:16:25,360:INFO:Declaring metric variables
2022-11-07 16:16:25,367:INFO:Importing untrained model
2022-11-07 16:16:25,376:INFO:Extreme Gradient Boosting Imported succesfully
2022-11-07 16:16:25,398:INFO:Starting cross validation
2022-11-07 16:16:25,399:INFO:Cross validating with StratifiedKFold(n_splits=5, random_state=123, shuffle=True), n_jobs=-1
2022-11-07 16:17:06,775:INFO:Calculating mean and std
2022-11-07 16:17:06,778:INFO:Creating metrics dataframe
2022-11-07 16:17:06,784:INFO:Uploading results into container
2022-11-07 16:17:06,784:INFO:Uploading model into container now
2022-11-07 16:17:06,784:INFO:create_model_container: 13
2022-11-07 16:17:06,784:INFO:master_model_container: 13
2022-11-07 16:17:06,785:INFO:display_container: 2
2022-11-07 16:17:06,785:INFO:XGBClassifier(base_score=None, booster='gbtree', callbacks=None,
              colsample_bylevel=None, colsample_bynode=None,
              colsample_bytree=None, early_stopping_rounds=None,
              enable_categorical=False, eval_metric=None, gamma=None,
              gpu_id=None, grow_policy=None, importance_type=None,
              interaction_constraints=None, learning_rate=None, max_bin=None,
              max_cat_to_onehot=None, max_delta_step=None, max_depth=None,
              max_leaves=None, min_child_weight=None, missing=nan,
              monotone_constraints=None, n_estimators=100, n_jobs=-1,
              num_parallel_tree=None, objective='binary:logistic',
              predictor=None, random_state=123, reg_alpha=None, ...)
2022-11-07 16:17:06,785:INFO:create_model() succesfully completed......................................
2022-11-07 16:17:06,878:INFO:SubProcess create_model() end ==================================
2022-11-07 16:17:06,878:INFO:Creating metrics dataframe
2022-11-07 16:17:06,903:INFO:Initializing Light Gradient Boosting Machine
2022-11-07 16:17:06,903:INFO:Total runtime is 10.458339679241181 minutes
2022-11-07 16:17:06,911:INFO:SubProcess create_model() called ==================================
2022-11-07 16:17:06,912:INFO:Initializing create_model()
2022-11-07 16:17:06,912:INFO:create_model(estimator=lightgbm, fold=StratifiedKFold(n_splits=5, random_state=123, shuffle=True), round=4, cross_validation=True, predict=True, fit_kwargs={}, groups=None, refit=False, verbose=False, system=False, metrics=None, experiment_custom_tags=None, add_to_model_list=True, probability_threshold=None, display=<pycaret.internal.Display.Display object at 0x7f7fe87b5c90>, return_train_score=False, kwargs={})
2022-11-07 16:17:06,912:INFO:Checking exceptions
2022-11-07 16:17:06,912:INFO:Importing libraries
2022-11-07 16:17:06,912:INFO:Copying training dataset
2022-11-07 16:17:06,915:INFO:Defining folds
2022-11-07 16:17:06,915:INFO:Declaring metric variables
2022-11-07 16:17:06,923:INFO:Importing untrained model
2022-11-07 16:17:06,931:INFO:Light Gradient Boosting Machine Imported succesfully
2022-11-07 16:17:06,946:INFO:Starting cross validation
2022-11-07 16:17:06,947:INFO:Cross validating with StratifiedKFold(n_splits=5, random_state=123, shuffle=True), n_jobs=-1
2022-11-07 16:17:23,123:INFO:Calculating mean and std
2022-11-07 16:17:23,125:INFO:Creating metrics dataframe
2022-11-07 16:17:23,133:INFO:Uploading results into container
2022-11-07 16:17:23,133:INFO:Uploading model into container now
2022-11-07 16:17:23,134:INFO:create_model_container: 14
2022-11-07 16:17:23,134:INFO:master_model_container: 14
2022-11-07 16:17:23,134:INFO:display_container: 2
2022-11-07 16:17:23,134:INFO:LGBMClassifier(boosting_type='gbdt', class_weight=None, colsample_bytree=1.0,
               importance_type='split', learning_rate=0.1, max_depth=-1,
               min_child_samples=20, min_child_weight=0.001, min_split_gain=0.0,
               n_estimators=100, n_jobs=-1, num_leaves=31, objective=None,
               random_state=123, reg_alpha=0.0, reg_lambda=0.0, silent='warn',
               subsample=1.0, subsample_for_bin=200000, subsample_freq=0)
2022-11-07 16:17:23,134:INFO:create_model() succesfully completed......................................
2022-11-07 16:17:23,211:INFO:SubProcess create_model() end ==================================
2022-11-07 16:17:23,211:INFO:Creating metrics dataframe
2022-11-07 16:17:23,235:INFO:Initializing Dummy Classifier
2022-11-07 16:17:23,235:INFO:Total runtime is 10.730550050735474 minutes
2022-11-07 16:17:23,243:INFO:SubProcess create_model() called ==================================
2022-11-07 16:17:23,244:INFO:Initializing create_model()
2022-11-07 16:17:23,244:INFO:create_model(estimator=dummy, fold=StratifiedKFold(n_splits=5, random_state=123, shuffle=True), round=4, cross_validation=True, predict=True, fit_kwargs={}, groups=None, refit=False, verbose=False, system=False, metrics=None, experiment_custom_tags=None, add_to_model_list=True, probability_threshold=None, display=<pycaret.internal.Display.Display object at 0x7f7fe87b5c90>, return_train_score=False, kwargs={})
2022-11-07 16:17:23,244:INFO:Checking exceptions
2022-11-07 16:17:23,244:INFO:Importing libraries
2022-11-07 16:17:23,244:INFO:Copying training dataset
2022-11-07 16:17:23,247:INFO:Defining folds
2022-11-07 16:17:23,247:INFO:Declaring metric variables
2022-11-07 16:17:23,254:INFO:Importing untrained model
2022-11-07 16:17:23,261:INFO:Dummy Classifier Imported succesfully
2022-11-07 16:17:23,278:INFO:Starting cross validation
2022-11-07 16:17:23,279:INFO:Cross validating with StratifiedKFold(n_splits=5, random_state=123, shuffle=True), n_jobs=-1
2022-11-07 16:17:34,877:INFO:Calculating mean and std
2022-11-07 16:17:34,879:INFO:Creating metrics dataframe
2022-11-07 16:17:34,886:INFO:Uploading results into container
2022-11-07 16:17:34,886:INFO:Uploading model into container now
2022-11-07 16:17:34,886:INFO:create_model_container: 15
2022-11-07 16:17:34,886:INFO:master_model_container: 15
2022-11-07 16:17:34,886:INFO:display_container: 2
2022-11-07 16:17:34,886:INFO:DummyClassifier(constant=None, random_state=123, strategy='prior')
2022-11-07 16:17:34,886:INFO:create_model() succesfully completed......................................
2022-11-07 16:17:34,981:INFO:SubProcess create_model() end ==================================
2022-11-07 16:17:34,981:INFO:Creating metrics dataframe
2022-11-07 16:17:35,026:INFO:Initializing create_model()
2022-11-07 16:17:35,026:INFO:create_model(estimator=XGBClassifier(base_score=None, booster='gbtree', callbacks=None,
              colsample_bylevel=None, colsample_bynode=None,
              colsample_bytree=None, early_stopping_rounds=None,
              enable_categorical=False, eval_metric=None, gamma=None,
              gpu_id=None, grow_policy=None, importance_type=None,
              interaction_constraints=None, learning_rate=None, max_bin=None,
              max_cat_to_onehot=None, max_delta_step=None, max_depth=None,
              max_leaves=None, min_child_weight=None, missing=nan,
              monotone_constraints=None, n_estimators=100, n_jobs=-1,
              num_parallel_tree=None, objective='binary:logistic',
              predictor=None, random_state=123, reg_alpha=None, ...), fold=StratifiedKFold(n_splits=5, random_state=123, shuffle=True), round=4, cross_validation=False, predict=False, fit_kwargs={}, groups=None, refit=True, verbose=False, system=False, metrics=None, experiment_custom_tags=None, add_to_model_list=True, probability_threshold=None, display=None, return_train_score=False, kwargs={})
2022-11-07 16:17:35,026:INFO:Checking exceptions
2022-11-07 16:17:35,026:INFO:Importing libraries
2022-11-07 16:17:35,026:INFO:Copying training dataset
2022-11-07 16:17:35,029:INFO:Defining folds
2022-11-07 16:17:35,029:INFO:Declaring metric variables
2022-11-07 16:17:35,029:INFO:Importing untrained model
2022-11-07 16:17:35,029:INFO:Declaring custom model
2022-11-07 16:17:35,031:INFO:Extreme Gradient Boosting Imported succesfully
2022-11-07 16:17:35,032:INFO:Cross validation set to False
2022-11-07 16:17:35,032:INFO:Fitting Model
2022-11-07 16:17:50,457:INFO:XGBClassifier(base_score=0.5, booster='gbtree', callbacks=None,
              colsample_bylevel=1, colsample_bynode=1, colsample_bytree=1,
              early_stopping_rounds=None, enable_categorical=False,
              eval_metric=None, gamma=0, gpu_id=-1, grow_policy='depthwise',
              importance_type=None, interaction_constraints='',
              learning_rate=0.300000012, max_bin=256, max_cat_to_onehot=4,
              max_delta_step=0, max_depth=6, max_leaves=0, min_child_weight=1,
              missing=nan, monotone_constraints='()', n_estimators=100,
              n_jobs=-1, num_parallel_tree=1, objective='binary:logistic',
              predictor='auto', random_state=123, reg_alpha=0, ...)
2022-11-07 16:17:50,457:INFO:create_models() succesfully completed......................................
2022-11-07 16:17:50,579:INFO:create_model_container: 15
2022-11-07 16:17:50,580:INFO:master_model_container: 15
2022-11-07 16:17:50,580:INFO:display_container: 2
2022-11-07 16:17:50,584:INFO:XGBClassifier(base_score=0.5, booster='gbtree', callbacks=None,
              colsample_bylevel=1, colsample_bynode=1, colsample_bytree=1,
              early_stopping_rounds=None, enable_categorical=False,
              eval_metric=None, gamma=0, gpu_id=-1, grow_policy='depthwise',
              importance_type=None, interaction_constraints='',
              learning_rate=0.300000012, max_bin=256, max_cat_to_onehot=4,
              max_delta_step=0, max_depth=6, max_leaves=0, min_child_weight=1,
              missing=nan, monotone_constraints='()', n_estimators=100,
              n_jobs=-1, num_parallel_tree=1, objective='binary:logistic',
              predictor='auto', random_state=123, reg_alpha=0, ...)
2022-11-07 16:17:50,584:INFO:compare_models() succesfully completed......................................
2022-11-07 16:17:50,594:INFO:Initializing create_model()
2022-11-07 16:17:50,594:INFO:create_model(estimator=lr, fold=None, round=4, cross_validation=True, predict=True, fit_kwargs=None, groups=None, refit=True, verbose=True, system=True, metrics=None, experiment_custom_tags=None, add_to_model_list=True, probability_threshold=None, display=None, return_train_score=False, kwargs={})
2022-11-07 16:17:50,594:INFO:Checking exceptions
2022-11-07 16:17:50,594:INFO:Preparing display monitor
2022-11-07 16:17:50,617:INFO:Importing libraries
2022-11-07 16:17:50,617:INFO:Copying training dataset
2022-11-07 16:17:50,619:INFO:Defining folds
2022-11-07 16:17:50,619:INFO:Declaring metric variables
2022-11-07 16:17:50,625:INFO:Importing untrained model
2022-11-07 16:17:50,633:INFO:Logistic Regression Imported succesfully
2022-11-07 16:17:50,655:INFO:Starting cross validation
2022-11-07 16:17:50,656:INFO:Cross validating with StratifiedKFold(n_splits=5, random_state=123, shuffle=True), n_jobs=-1
2022-11-07 16:18:31,874:INFO:Calculating mean and std
2022-11-07 16:18:31,878:INFO:Creating metrics dataframe
2022-11-07 16:18:31,903:INFO:Finalizing model
2022-11-07 16:19:03,248:INFO:Uploading results into container
2022-11-07 16:19:03,248:INFO:Uploading model into container now
2022-11-07 16:19:03,266:INFO:create_model_container: 16
2022-11-07 16:19:03,266:INFO:master_model_container: 16
2022-11-07 16:19:03,266:INFO:display_container: 3
2022-11-07 16:19:03,267:INFO:LogisticRegression(C=1.0, class_weight=None, dual=False, fit_intercept=True,
                   intercept_scaling=1, l1_ratio=None, max_iter=1000,
                   multi_class='auto', n_jobs=None, penalty='l2',
                   random_state=123, solver='lbfgs', tol=0.0001, verbose=0,
                   warm_start=False)
2022-11-07 16:19:03,267:INFO:create_model() succesfully completed......................................
